CRITICAL - 2026-07-20 13:00:33 --> CodeIgniter\View\Exceptions\ViewException: Invalid file: "client/dashboard.php"
[Method: GET, Route: client/dashboard]
in SYSTEMPATH/Exceptions/FrameworkException.php on line 39.
 1 SYSTEMPATH/View/View.php(228): CodeIgniter\Exceptions\FrameworkException::forInvalidFile('client/dashboard.php')
 2 SYSTEMPATH/Common.php(1250): CodeIgniter\View\View->render('client/dashboard', [], true)
 3 APPPATH/Controllers/Client/DashboardController.php(19): view('client/dashboard', [...])
 4 SYSTEMPATH/CodeIgniter.php(951): App\Controllers\Client\DashboardController->index()
 5 SYSTEMPATH/CodeIgniter.php(497): CodeIgniter\CodeIgniter->runController(Object(App\Controllers\Client\DashboardController))
 6 SYSTEMPATH/CodeIgniter.php(340): CodeIgniter\CodeIgniter->handleRequest(null, Object(Config\Cache), false)
 7 SYSTEMPATH/Boot.php(417): CodeIgniter\CodeIgniter->run()
 8 SYSTEMPATH/Boot.php(68): CodeIgniter\Boot::runCodeIgniter(Object(CodeIgniter\CodeIgniter))
 9 FCPATH/index.php(59): CodeIgniter\Boot::bootWeb(Object(Config\Paths))
CRITICAL - 2026-07-20 13:01:11 --> CodeIgniter\View\Exceptions\ViewException: Invalid file: "client/dashboard.php"
[Method: GET, Route: client/dashboard]
in SYSTEMPATH/Exceptions/FrameworkException.php on line 39.
 1 SYSTEMPATH/View/View.php(228): CodeIgniter\Exceptions\FrameworkException::forInvalidFile('client/dashboard.php')
 2 SYSTEMPATH/Common.php(1250): CodeIgniter\View\View->render('client/dashboard', [], true)
 3 APPPATH/Controllers/Client/DashboardController.php(19): view('client/dashboard', [...])
 4 SYSTEMPATH/CodeIgniter.php(951): App\Controllers\Client\DashboardController->index()
 5 SYSTEMPATH/CodeIgniter.php(497): CodeIgniter\CodeIgniter->runController(Object(App\Controllers\Client\DashboardController))
 6 SYSTEMPATH/CodeIgniter.php(340): CodeIgniter\CodeIgniter->handleRequest(null, Object(Config\Cache), false)
 7 SYSTEMPATH/Boot.php(417): CodeIgniter\CodeIgniter->run()
 8 SYSTEMPATH/Boot.php(68): CodeIgniter\Boot::runCodeIgniter(Object(CodeIgniter\CodeIgniter))
 9 FCPATH/index.php(59): CodeIgniter\Boot::bootWeb(Object(Config\Paths))
CRITICAL - 2026-07-20 13:01:51 --> CodeIgniter\View\Exceptions\ViewException: Invalid file: "client/dashboard.php"
[Method: GET, Route: client/dashboard]
in SYSTEMPATH/Exceptions/FrameworkException.php on line 39.
 1 SYSTEMPATH/View/View.php(228): CodeIgniter\Exceptions\FrameworkException::forInvalidFile('client/dashboard.php')
 2 SYSTEMPATH/Common.php(1250): CodeIgniter\View\View->render('client/dashboard', [], true)
 3 APPPATH/Controllers/Client/DashboardController.php(19): view('client/dashboard', [...])
 4 SYSTEMPATH/CodeIgniter.php(951): App\Controllers\Client\DashboardController->index()
 5 SYSTEMPATH/CodeIgniter.php(497): CodeIgniter\CodeIgniter->runController(Object(App\Controllers\Client\DashboardController))
 6 SYSTEMPATH/CodeIgniter.php(340): CodeIgniter\CodeIgniter->handleRequest(null, Object(Config\Cache), false)
 7 SYSTEMPATH/Boot.php(417): CodeIgniter\CodeIgniter->run()
 8 SYSTEMPATH/Boot.php(68): CodeIgniter\Boot::runCodeIgniter(Object(CodeIgniter\CodeIgniter))
 9 FCPATH/index.php(59): CodeIgniter\Boot::bootWeb(Object(Config\Paths))
CRITICAL - 2026-07-20 13:01:57 --> CodeIgniter\View\Exceptions\ViewException: Invalid file: "client/dashboard.php"
[Method: GET, Route: client/dashboard]
in SYSTEMPATH/Exceptions/FrameworkException.php on line 39.
 1 SYSTEMPATH/View/View.php(228): CodeIgniter\Exceptions\FrameworkException::forInvalidFile('client/dashboard.php')
 2 SYSTEMPATH/Common.php(1250): CodeIgniter\View\View->render('client/dashboard', [], true)
 3 APPPATH/Controllers/Client/DashboardController.php(19): view('client/dashboard', [...])
 4 SYSTEMPATH/CodeIgniter.php(951): App\Controllers\Client\DashboardController->index()
 5 SYSTEMPATH/CodeIgniter.php(497): CodeIgniter\CodeIgniter->runController(Object(App\Controllers\Client\DashboardController))
 6 SYSTEMPATH/CodeIgniter.php(340): CodeIgniter\CodeIgniter->handleRequest(null, Object(Config\Cache), false)
 7 SYSTEMPATH/Boot.php(417): CodeIgniter\CodeIgniter->run()
 8 SYSTEMPATH/Boot.php(68): CodeIgniter\Boot::runCodeIgniter(Object(CodeIgniter\CodeIgniter))
 9 FCPATH/index.php(59): CodeIgniter\Boot::bootWeb(Object(Config\Paths))
CRITICAL - 2026-07-20 13:02:26 --> CodeIgniter\View\Exceptions\ViewException: Invalid file: "client/dashboard.php"
[Method: GET, Route: client/dashboard]
in SYSTEMPATH/Exceptions/FrameworkException.php on line 39.
 1 SYSTEMPATH/View/View.php(228): CodeIgniter\Exceptions\FrameworkException::forInvalidFile('client/dashboard.php')
 2 SYSTEMPATH/Common.php(1250): CodeIgniter\View\View->render('client/dashboard', [], true)
 3 APPPATH/Controllers/Client/DashboardController.php(19): view('client/dashboard', [...])
 4 SYSTEMPATH/CodeIgniter.php(951): App\Controllers\Client\DashboardController->index()
 5 SYSTEMPATH/CodeIgniter.php(497): CodeIgniter\CodeIgniter->runController(Object(App\Controllers\Client\DashboardController))
 6 SYSTEMPATH/CodeIgniter.php(340): CodeIgniter\CodeIgniter->handleRequest(null, Object(Config\Cache), false)
 7 SYSTEMPATH/Boot.php(417): CodeIgniter\CodeIgniter->run()
 8 SYSTEMPATH/Boot.php(68): CodeIgniter\Boot::runCodeIgniter(Object(CodeIgniter\CodeIgniter))
 9 FCPATH/index.php(59): CodeIgniter\Boot::bootWeb(Object(Config\Paths))
CRITICAL - 2026-07-20 13:03:11 --> CodeIgniter\View\Exceptions\ViewException: Invalid file: "client/dashboard.php"
[Method: POST, Route: client/authentification]
in SYSTEMPATH/Exceptions/FrameworkException.php on line 39.
 1 SYSTEMPATH/View/View.php(228): CodeIgniter\Exceptions\FrameworkException::forInvalidFile('client/dashboard.php')
 2 SYSTEMPATH/Common.php(1250): CodeIgniter\View\View->render('client/dashboard', [], true)
 3 APPPATH/Controllers/Client/AuthController.php(39): view('client/dashboard', [...])
 4 SYSTEMPATH/CodeIgniter.php(951): App\Controllers\Client\AuthController->login()
 5 SYSTEMPATH/CodeIgniter.php(497): CodeIgniter\CodeIgniter->runController(Object(App\Controllers\Client\AuthController))
 6 SYSTEMPATH/CodeIgniter.php(340): CodeIgniter\CodeIgniter->handleRequest(null, Object(Config\Cache), false)
 7 SYSTEMPATH/Boot.php(417): CodeIgniter\CodeIgniter->run()
 8 SYSTEMPATH/Boot.php(68): CodeIgniter\Boot::runCodeIgniter(Object(CodeIgniter\CodeIgniter))
 9 FCPATH/index.php(59): CodeIgniter\Boot::bootWeb(Object(Config\Paths))
CRITICAL - 2026-07-20 13:03:17 --> CodeIgniter\View\Exceptions\ViewException: Invalid file: "client/dashboard.php"
[Method: POST, Route: client/authentification]
in SYSTEMPATH/Exceptions/FrameworkException.php on line 39.
 1 SYSTEMPATH/View/View.php(228): CodeIgniter\Exceptions\FrameworkException::forInvalidFile('client/dashboard.php')
 2 SYSTEMPATH/Common.php(1250): CodeIgniter\View\View->render('client/dashboard', [], true)
 3 APPPATH/Controllers/Client/AuthController.php(39): view('client/dashboard', [...])
 4 SYSTEMPATH/CodeIgniter.php(951): App\Controllers\Client\AuthController->login()
 5 SYSTEMPATH/CodeIgniter.php(497): CodeIgniter\CodeIgniter->runController(Object(App\Controllers\Client\AuthController))
 6 SYSTEMPATH/CodeIgniter.php(340): CodeIgniter\CodeIgniter->handleRequest(null, Object(Config\Cache), false)
 7 SYSTEMPATH/Boot.php(417): CodeIgniter\CodeIgniter->run()
 8 SYSTEMPATH/Boot.php(68): CodeIgniter\Boot::runCodeIgniter(Object(CodeIgniter\CodeIgniter))
 9 FCPATH/index.php(59): CodeIgniter\Boot::bootWeb(Object(Config\Paths))
CRITICAL - 2026-07-20 13:03:38 --> CodeIgniter\View\Exceptions\ViewException: Invalid file: "client/dashboard.php"
[Method: POST, Route: client/authentification]
in SYSTEMPATH/Exceptions/FrameworkException.php on line 39.
 1 SYSTEMPATH/View/View.php(228): CodeIgniter\Exceptions\FrameworkException::forInvalidFile('client/dashboard.php')
 2 SYSTEMPATH/Common.php(1250): CodeIgniter\View\View->render('client/dashboard', [], true)
 3 APPPATH/Controllers/Client/AuthController.php(39): view('client/dashboard', [...])
 4 SYSTEMPATH/CodeIgniter.php(951): App\Controllers\Client\AuthController->login()
 5 SYSTEMPATH/CodeIgniter.php(497): CodeIgniter\CodeIgniter->runController(Object(App\Controllers\Client\AuthController))
 6 SYSTEMPATH/CodeIgniter.php(340): CodeIgniter\CodeIgniter->handleRequest(null, Object(Config\Cache), false)
 7 SYSTEMPATH/Boot.php(417): CodeIgniter\CodeIgniter->run()
 8 SYSTEMPATH/Boot.php(68): CodeIgniter\Boot::runCodeIgniter(Object(CodeIgniter\CodeIgniter))
 9 FCPATH/index.php(59): CodeIgniter\Boot::bootWeb(Object(Config\Paths))
CRITICAL - 2026-07-20 13:03:49 --> CodeIgniter\View\Exceptions\ViewException: Invalid file: "client/dashboard.php"
[Method: POST, Route: client/authentification]
in SYSTEMPATH/Exceptions/FrameworkException.php on line 39.
 1 SYSTEMPATH/View/View.php(228): CodeIgniter\Exceptions\FrameworkException::forInvalidFile('client/dashboard.php')
 2 SYSTEMPATH/Common.php(1250): CodeIgniter\View\View->render('client/dashboard', [], true)
 3 APPPATH/Controllers/Client/AuthController.php(39): view('client/dashboard', [...])
 4 SYSTEMPATH/CodeIgniter.php(951): App\Controllers\Client\AuthController->login()
 5 SYSTEMPATH/CodeIgniter.php(497): CodeIgniter\CodeIgniter->runController(Object(App\Controllers\Client\AuthController))
 6 SYSTEMPATH/CodeIgniter.php(340): CodeIgniter\CodeIgniter->handleRequest(null, Object(Config\Cache), false)
 7 SYSTEMPATH/Boot.php(417): CodeIgniter\CodeIgniter->run()
 8 SYSTEMPATH/Boot.php(68): CodeIgniter\Boot::runCodeIgniter(Object(CodeIgniter\CodeIgniter))
 9 FCPATH/index.php(59): CodeIgniter\Boot::bootWeb(Object(Config\Paths))
CRITICAL - 2026-07-20 13:04:52 --> CodeIgniter\View\Exceptions\ViewException: Invalid file: "client/login.php"
[Method: GET, Route: client/login]
in SYSTEMPATH/Exceptions/FrameworkException.php on line 39.
 1 SYSTEMPATH/View/View.php(228): CodeIgniter\Exceptions\FrameworkException::forInvalidFile('client/login.php')
 2 SYSTEMPATH/Common.php(1250): CodeIgniter\View\View->render('client/login', [], true)
 3 APPPATH/Controllers/Client/AuthController.php(14): view('client/login')
 4 SYSTEMPATH/CodeIgniter.php(951): App\Controllers\Client\AuthController->index()
 5 SYSTEMPATH/CodeIgniter.php(497): CodeIgniter\CodeIgniter->runController(Object(App\Controllers\Client\AuthController))
 6 SYSTEMPATH/CodeIgniter.php(340): CodeIgniter\CodeIgniter->handleRequest(null, Object(Config\Cache), false)
 7 SYSTEMPATH/Boot.php(417): CodeIgniter\CodeIgniter->run()
 8 SYSTEMPATH/Boot.php(68): CodeIgniter\Boot::runCodeIgniter(Object(CodeIgniter\CodeIgniter))
 9 FCPATH/index.php(59): CodeIgniter\Boot::bootWeb(Object(Config\Paths))
CRITICAL - 2026-07-20 13:04:59 --> CodeIgniter\View\Exceptions\ViewException: Invalid file: "client/login.php"
[Method: GET, Route: client/login]
in SYSTEMPATH/Exceptions/FrameworkException.php on line 39.
 1 SYSTEMPATH/View/View.php(228): CodeIgniter\Exceptions\FrameworkException::forInvalidFile('client/login.php')
 2 SYSTEMPATH/Common.php(1250): CodeIgniter\View\View->render('client/login', [], true)
 3 APPPATH/Controllers/Client/AuthController.php(14): view('client/login')
 4 SYSTEMPATH/CodeIgniter.php(951): App\Controllers\Client\AuthController->index()
 5 SYSTEMPATH/CodeIgniter.php(497): CodeIgniter\CodeIgniter->runController(Object(App\Controllers\Client\AuthController))
 6 SYSTEMPATH/CodeIgniter.php(340): CodeIgniter\CodeIgniter->handleRequest(null, Object(Config\Cache), false)
 7 SYSTEMPATH/Boot.php(417): CodeIgniter\CodeIgniter->run()
 8 SYSTEMPATH/Boot.php(68): CodeIgniter\Boot::runCodeIgniter(Object(CodeIgniter\CodeIgniter))
 9 FCPATH/index.php(59): CodeIgniter\Boot::bootWeb(Object(Config\Paths))
CRITICAL - 2026-07-20 13:05:02 --> CodeIgniter\View\Exceptions\ViewException: Invalid file: "client/login.php"
[Method: GET, Route: client/login]
in SYSTEMPATH/Exceptions/FrameworkException.php on line 39.
 1 SYSTEMPATH/View/View.php(228): CodeIgniter\Exceptions\FrameworkException::forInvalidFile('client/login.php')
 2 SYSTEMPATH/Common.php(1250): CodeIgniter\View\View->render('client/login', [], true)
 3 APPPATH/Controllers/Client/AuthController.php(14): view('client/login')
 4 SYSTEMPATH/CodeIgniter.php(951): App\Controllers\Client\AuthController->index()
 5 SYSTEMPATH/CodeIgniter.php(497): CodeIgniter\CodeIgniter->runController(Object(App\Controllers\Client\AuthController))
 6 SYSTEMPATH/CodeIgniter.php(340): CodeIgniter\CodeIgniter->handleRequest(null, Object(Config\Cache), false)
 7 SYSTEMPATH/Boot.php(417): CodeIgniter\CodeIgniter->run()
 8 SYSTEMPATH/Boot.php(68): CodeIgniter\Boot::runCodeIgniter(Object(CodeIgniter\CodeIgniter))
 9 FCPATH/index.php(59): CodeIgniter\Boot::bootWeb(Object(Config\Paths))
CRITICAL - 2026-07-20 13:05:06 --> CodeIgniter\View\Exceptions\ViewException: Invalid file: "client/login.php"
[Method: GET, Route: client/login]
in SYSTEMPATH/Exceptions/FrameworkException.php on line 39.
 1 SYSTEMPATH/View/View.php(228): CodeIgniter\Exceptions\FrameworkException::forInvalidFile('client/login.php')
 2 SYSTEMPATH/Common.php(1250): CodeIgniter\View\View->render('client/login', [], true)
 3 APPPATH/Controllers/Client/AuthController.php(14): view('client/login')
 4 SYSTEMPATH/CodeIgniter.php(951): App\Controllers\Client\AuthController->index()
 5 SYSTEMPATH/CodeIgniter.php(497): CodeIgniter\CodeIgniter->runController(Object(App\Controllers\Client\AuthController))
 6 SYSTEMPATH/CodeIgniter.php(340): CodeIgniter\CodeIgniter->handleRequest(null, Object(Config\Cache), false)
 7 SYSTEMPATH/Boot.php(417): CodeIgniter\CodeIgniter->run()
 8 SYSTEMPATH/Boot.php(68): CodeIgniter\Boot::runCodeIgniter(Object(CodeIgniter\CodeIgniter))
 9 FCPATH/index.php(59): CodeIgniter\Boot::bootWeb(Object(Config\Paths))
CRITICAL - 2026-07-20 13:05:25 --> CodeIgniter\View\Exceptions\ViewException: Invalid file: "client/dashboard.php"
[Method: POST, Route: client/authentification]
in SYSTEMPATH/Exceptions/FrameworkException.php on line 39.
 1 SYSTEMPATH/View/View.php(228): CodeIgniter\Exceptions\FrameworkException::forInvalidFile('client/dashboard.php')
 2 SYSTEMPATH/Common.php(1250): CodeIgniter\View\View->render('client/dashboard', [], true)
 3 APPPATH/Controllers/Client/AuthController.php(39): view('client/dashboard', [...])
 4 SYSTEMPATH/CodeIgniter.php(951): App\Controllers\Client\AuthController->login()
 5 SYSTEMPATH/CodeIgniter.php(497): CodeIgniter\CodeIgniter->runController(Object(App\Controllers\Client\AuthController))
 6 SYSTEMPATH/CodeIgniter.php(340): CodeIgniter\CodeIgniter->handleRequest(null, Object(Config\Cache), false)
 7 SYSTEMPATH/Boot.php(417): CodeIgniter\CodeIgniter->run()
 8 SYSTEMPATH/Boot.php(68): CodeIgniter\Boot::runCodeIgniter(Object(CodeIgniter\CodeIgniter))
 9 FCPATH/index.php(59): CodeIgniter\Boot::bootWeb(Object(Config\Paths))
CRITICAL - 2026-07-20 13:05:58 --> CodeIgniter\View\Exceptions\ViewException: Invalid file: "client/dashboard.php"
[Method: GET, Route: client/dashboard]
in SYSTEMPATH/Exceptions/FrameworkException.php on line 39.
 1 SYSTEMPATH/View/View.php(228): CodeIgniter\Exceptions\FrameworkException::forInvalidFile('client/dashboard.php')
 2 SYSTEMPATH/Common.php(1250): CodeIgniter\View\View->render('client/dashboard', [], true)
 3 APPPATH/Controllers/Client/DashboardController.php(19): view('client/dashboard', [...])
 4 SYSTEMPATH/CodeIgniter.php(951): App\Controllers\Client\DashboardController->index()
 5 SYSTEMPATH/CodeIgniter.php(497): CodeIgniter\CodeIgniter->runController(Object(App\Controllers\Client\DashboardController))
 6 SYSTEMPATH/CodeIgniter.php(340): CodeIgniter\CodeIgniter->handleRequest(null, Object(Config\Cache), false)
 7 SYSTEMPATH/Boot.php(417): CodeIgniter\CodeIgniter->run()
 8 SYSTEMPATH/Boot.php(68): CodeIgniter\Boot::runCodeIgniter(Object(CodeIgniter\CodeIgniter))
 9 FCPATH/index.php(59): CodeIgniter\Boot::bootWeb(Object(Config\Paths))
CRITICAL - 2026-07-20 13:07:03 --> CodeIgniter\View\Exceptions\ViewException: Invalid file: "client/retrait.php"
[Method: GET, Route: client/retrait]
in SYSTEMPATH/Exceptions/FrameworkException.php on line 39.
 1 SYSTEMPATH/View/View.php(228): CodeIgniter\Exceptions\FrameworkException::forInvalidFile('client/retrait.php')
 2 SYSTEMPATH/Common.php(1250): CodeIgniter\View\View->render('client/retrait', [], true)
 3 APPPATH/Controllers/Client/OperationController.php(57): view('client/retrait')
 4 SYSTEMPATH/CodeIgniter.php(951): App\Controllers\Client\OperationController->retrait()
 5 SYSTEMPATH/CodeIgniter.php(497): CodeIgniter\CodeIgniter->runController(Object(App\Controllers\Client\OperationController))
 6 SYSTEMPATH/CodeIgniter.php(340): CodeIgniter\CodeIgniter->handleRequest(null, Object(Config\Cache), false)
 7 SYSTEMPATH/Boot.php(417): CodeIgniter\CodeIgniter->run()
 8 SYSTEMPATH/Boot.php(68): CodeIgniter\Boot::runCodeIgniter(Object(CodeIgniter\CodeIgniter))
 9 FCPATH/index.php(59): CodeIgniter\Boot::bootWeb(Object(Config\Paths))
CRITICAL - 2026-07-20 13:07:30 --> CodeIgniter\View\Exceptions\ViewException: Invalid file: "client/historique.php"
[Method: GET, Route: client/historique]
in SYSTEMPATH/Exceptions/FrameworkException.php on line 39.
 1 SYSTEMPATH/View/View.php(228): CodeIgniter\Exceptions\FrameworkException::forInvalidFile('client/historique.php')
 2 SYSTEMPATH/Common.php(1250): CodeIgniter\View\View->render('client/historique', [], true)
 3 APPPATH/Controllers/Client/OperationController.php(123): view('client/historique', [...])
 4 SYSTEMPATH/CodeIgniter.php(951): App\Controllers\Client\OperationController->historique()
 5 SYSTEMPATH/CodeIgniter.php(497): CodeIgniter\CodeIgniter->runController(Object(App\Controllers\Client\OperationController))
 6 SYSTEMPATH/CodeIgniter.php(340): CodeIgniter\CodeIgniter->handleRequest(null, Object(Config\Cache), false)
 7 SYSTEMPATH/Boot.php(417): CodeIgniter\CodeIgniter->run()
 8 SYSTEMPATH/Boot.php(68): CodeIgniter\Boot::runCodeIgniter(Object(CodeIgniter\CodeIgniter))
 9 FCPATH/index.php(59): CodeIgniter\Boot::bootWeb(Object(Config\Paths))
CRITICAL - 2026-07-20 13:23:16 --> ErrorException: Undefined variable $operations
[Method: GET, Route: client/1]
in APPPATH/Views/Operateur/HistoriqueClient.php on line 115.
 1 APPPATH/Views/Operateur/HistoriqueClient.php(115): CodeIgniter\Debug\Exceptions->errorHandler(2, 'Undefined variable $operations', '/home/itu/Documents/MOBILE MONEY/ETU4221-ETU4259/app/Views/Operateur/HistoriqueClient.php', 115)
 2 SYSTEMPATH/View/View.php(240): include('/home/itu/Documents/MOBILE MONEY/ETU4221-ETU4259/app/Views/Operateur/HistoriqueClient.php')
 3 SYSTEMPATH/View/View.php(243): CodeIgniter\View\View->CodeIgniter\View\{closure}()
 4 SYSTEMPATH/Common.php(1250): CodeIgniter\View\View->render('Operateur/HistoriqueClient', [], true)
 5 APPPATH/Controllers/ClientController.php(26): view('Operateur/HistoriqueClient', [...])
 6 SYSTEMPATH/CodeIgniter.php(951): App\Controllers\ClientController->detail('1')
 7 SYSTEMPATH/CodeIgniter.php(497): CodeIgniter\CodeIgniter->runController(Object(App\Controllers\ClientController))
 8 SYSTEMPATH/CodeIgniter.php(340): CodeIgniter\CodeIgniter->handleRequest(null, Object(Config\Cache), false)
 9 SYSTEMPATH/Boot.php(417): CodeIgniter\CodeIgniter->run()
10 SYSTEMPATH/Boot.php(68): CodeIgniter\Boot::runCodeIgniter(Object(CodeIgniter\CodeIgniter))
11 FCPATH/index.php(59): CodeIgniter\Boot::bootWeb(Object(Config\Paths))
