CRITICAL - 2026-07-21 05:16:36 --> ErrorException: Undefined variable $c
[Method: GET, Route: operateur/commission]
in APPPATH/Views/Operateur/configurationCommission.php on line 114.
 1 APPPATH/Views/Operateur/configurationCommission.php(114): CodeIgniter\Debug\Exceptions->errorHandler()
 2 SYSTEMPATH/View/View.php(240): include('/home/sharone/Documents/ETU4221-ETU4259/app/Views/Operateur/configurationCommission.php')
 3 SYSTEMPATH/View/View.php(243): CodeIgniter\View\View->CodeIgniter\View\{closure}()
 4 SYSTEMPATH/Common.php(1250): CodeIgniter\View\View->render()
 5 APPPATH/Controllers/Operateur/CommissionController.php(18): view()
 6 SYSTEMPATH/CodeIgniter.php(951): App\Controllers\Operateur\CommissionController->index()
 7 SYSTEMPATH/CodeIgniter.php(497): CodeIgniter\CodeIgniter->runController()
 8 SYSTEMPATH/CodeIgniter.php(340): CodeIgniter\CodeIgniter->handleRequest()
 9 SYSTEMPATH/Boot.php(417): CodeIgniter\CodeIgniter->run()
10 SYSTEMPATH/Boot.php(68): CodeIgniter\Boot::runCodeIgniter()
11 FCPATH/index.php(59): CodeIgniter\Boot::bootWeb()
12 SYSTEMPATH/rewrite.php(44): require_once('/home/sharone/Documents/ETU4221-ETU4259/public/index.php')
CRITICAL - 2026-07-21 05:16:54 --> ErrorException: Undefined variable $c
[Method: GET, Route: operateur/commission]
in APPPATH/Views/Operateur/configurationCommission.php on line 114.
 1 APPPATH/Views/Operateur/configurationCommission.php(114): CodeIgniter\Debug\Exceptions->errorHandler()
 2 SYSTEMPATH/View/View.php(240): include('/home/sharone/Documents/ETU4221-ETU4259/app/Views/Operateur/configurationCommission.php')
 3 SYSTEMPATH/View/View.php(243): CodeIgniter\View\View->CodeIgniter\View\{closure}()
 4 SYSTEMPATH/Common.php(1250): CodeIgniter\View\View->render()
 5 APPPATH/Controllers/Operateur/CommissionController.php(18): view()
 6 SYSTEMPATH/CodeIgniter.php(951): App\Controllers\Operateur\CommissionController->index()
 7 SYSTEMPATH/CodeIgniter.php(497): CodeIgniter\CodeIgniter->runController()
 8 SYSTEMPATH/CodeIgniter.php(340): CodeIgniter\CodeIgniter->handleRequest()
 9 SYSTEMPATH/Boot.php(417): CodeIgniter\CodeIgniter->run()
10 SYSTEMPATH/Boot.php(68): CodeIgniter\Boot::runCodeIgniter()
11 FCPATH/index.php(59): CodeIgniter\Boot::bootWeb()
12 SYSTEMPATH/rewrite.php(44): require_once('/home/sharone/Documents/ETU4221-ETU4259/public/index.php')
CRITICAL - 2026-07-21 05:17:08 --> ErrorException: Undefined variable $c
[Method: GET, Route: operateur/commission]
in APPPATH/Views/Operateur/configurationCommission.php on line 114.
 1 APPPATH/Views/Operateur/configurationCommission.php(114): CodeIgniter\Debug\Exceptions->errorHandler()
 2 SYSTEMPATH/View/View.php(240): include('/home/sharone/Documents/ETU4221-ETU4259/app/Views/Operateur/configurationCommission.php')
 3 SYSTEMPATH/View/View.php(243): CodeIgniter\View\View->CodeIgniter\View\{closure}()
 4 SYSTEMPATH/Common.php(1250): CodeIgniter\View\View->render()
 5 APPPATH/Controllers/Operateur/CommissionController.php(18): view()
 6 SYSTEMPATH/CodeIgniter.php(951): App\Controllers\Operateur\CommissionController->index()
 7 SYSTEMPATH/CodeIgniter.php(497): CodeIgniter\CodeIgniter->runController()
 8 SYSTEMPATH/CodeIgniter.php(340): CodeIgniter\CodeIgniter->handleRequest()
 9 SYSTEMPATH/Boot.php(417): CodeIgniter\CodeIgniter->run()
10 SYSTEMPATH/Boot.php(68): CodeIgniter\Boot::runCodeIgniter()
11 FCPATH/index.php(59): CodeIgniter\Boot::bootWeb()
12 SYSTEMPATH/rewrite.php(44): require_once('/home/sharone/Documents/ETU4221-ETU4259/public/index.php')
ERROR - 2026-07-21 05:19:49 --> Unable to prepare statement: no such table: commission_interoperateur
in SYSTEMPATH/Database/SQLite3/Connection.php on line 164.
 1 SYSTEMPATH/Database/SQLite3/Connection.php(164): SQLite3->query()
 2 SYSTEMPATH/Database/BaseConnection.php(910): CodeIgniter\Database\SQLite3\Connection->execute()
 3 SYSTEMPATH/Database/BaseConnection.php(827): CodeIgniter\Database\BaseConnection->simpleQuery()
 4 SYSTEMPATH/Database/BaseBuilder.php(1649): CodeIgniter\Database\BaseConnection->query()
 5 SYSTEMPATH/Model.php(253): CodeIgniter\Database\BaseBuilder->get()
 6 SYSTEMPATH/BaseModel.php(676): CodeIgniter\Model->doFindAll()
 7 APPPATH/Models/Operateur/CommissionModel.php(21): CodeIgniter\BaseModel->findAll()
 8 APPPATH/Controllers/Operateur/CommissionController.php(16): App\Models\Operateur\CommissionModel->getAll()
 9 SYSTEMPATH/CodeIgniter.php(951): App\Controllers\Operateur\CommissionController->index()
10 SYSTEMPATH/CodeIgniter.php(497): CodeIgniter\CodeIgniter->runController()
11 SYSTEMPATH/CodeIgniter.php(340): CodeIgniter\CodeIgniter->handleRequest()
12 SYSTEMPATH/Boot.php(417): CodeIgniter\CodeIgniter->run()
13 SYSTEMPATH/Boot.php(68): CodeIgniter\Boot::runCodeIgniter()
14 FCPATH/index.php(59): CodeIgniter\Boot::bootWeb()
15 SYSTEMPATH/rewrite.php(44): require_once('/home/sharone/Documents/ETU4221-ETU4259/public/index.php')
CRITICAL - 2026-07-21 05:19:49 --> CodeIgniter\Database\Exceptions\DatabaseException: Unable to prepare statement: no such table: commission_interoperateur
[Method: GET, Route: operateur/commission]
in SYSTEMPATH/Database/BaseConnection.php on line 865.
 1 SYSTEMPATH/Database/BaseBuilder.php(1649): CodeIgniter\Database\BaseConnection->query()
 2 SYSTEMPATH/Model.php(253): CodeIgniter\Database\BaseBuilder->get()
 3 SYSTEMPATH/BaseModel.php(676): CodeIgniter\Model->doFindAll()
 4 APPPATH/Models/Operateur/CommissionModel.php(21): CodeIgniter\BaseModel->findAll()
 5 APPPATH/Controllers/Operateur/CommissionController.php(16): App\Models\Operateur\CommissionModel->getAll()
 6 SYSTEMPATH/CodeIgniter.php(951): App\Controllers\Operateur\CommissionController->index()
 7 SYSTEMPATH/CodeIgniter.php(497): CodeIgniter\CodeIgniter->runController()
 8 SYSTEMPATH/CodeIgniter.php(340): CodeIgniter\CodeIgniter->handleRequest()
 9 SYSTEMPATH/Boot.php(417): CodeIgniter\CodeIgniter->run()
10 SYSTEMPATH/Boot.php(68): CodeIgniter\Boot::runCodeIgniter()
11 FCPATH/index.php(59): CodeIgniter\Boot::bootWeb()
12 SYSTEMPATH/rewrite.php(44): require_once('/home/sharone/Documents/ETU4221-ETU4259/public/index.php')
CRITICAL - 2026-07-21 05:19:49 --> [Caused by] CodeIgniter\Database\Exceptions\DatabaseException: Unable to prepare statement: no such table: commission_interoperateur
in SYSTEMPATH/Database/SQLite3/Connection.php on line 174.
 1 SYSTEMPATH/Database/BaseConnection.php(910): CodeIgniter\Database\SQLite3\Connection->execute()
 2 SYSTEMPATH/Database/BaseConnection.php(827): CodeIgniter\Database\BaseConnection->simpleQuery()
 3 SYSTEMPATH/Database/BaseBuilder.php(1649): CodeIgniter\Database\BaseConnection->query()
 4 SYSTEMPATH/Model.php(253): CodeIgniter\Database\BaseBuilder->get()
 5 SYSTEMPATH/BaseModel.php(676): CodeIgniter\Model->doFindAll()
 6 APPPATH/Models/Operateur/CommissionModel.php(21): CodeIgniter\BaseModel->findAll()
 7 APPPATH/Controllers/Operateur/CommissionController.php(16): App\Models\Operateur\CommissionModel->getAll()
 8 SYSTEMPATH/CodeIgniter.php(951): App\Controllers\Operateur\CommissionController->index()
 9 SYSTEMPATH/CodeIgniter.php(497): CodeIgniter\CodeIgniter->runController()
10 SYSTEMPATH/CodeIgniter.php(340): CodeIgniter\CodeIgniter->handleRequest()
11 SYSTEMPATH/Boot.php(417): CodeIgniter\CodeIgniter->run()
12 SYSTEMPATH/Boot.php(68): CodeIgniter\Boot::runCodeIgniter()
13 FCPATH/index.php(59): CodeIgniter\Boot::bootWeb()
14 SYSTEMPATH/rewrite.php(44): require_once('/home/sharone/Documents/ETU4221-ETU4259/public/index.php')
CRITICAL - 2026-07-21 05:19:49 --> [Caused by] SQLite3Exception: Unable to prepare statement: no such table: commission_interoperateur
in SYSTEMPATH/Database/SQLite3/Connection.php on line 164.
 1 SYSTEMPATH/Database/SQLite3/Connection.php(164): SQLite3->query()
 2 SYSTEMPATH/Database/BaseConnection.php(910): CodeIgniter\Database\SQLite3\Connection->execute()
 3 SYSTEMPATH/Database/BaseConnection.php(827): CodeIgniter\Database\BaseConnection->simpleQuery()
 4 SYSTEMPATH/Database/BaseBuilder.php(1649): CodeIgniter\Database\BaseConnection->query()
 5 SYSTEMPATH/Model.php(253): CodeIgniter\Database\BaseBuilder->get()
 6 SYSTEMPATH/BaseModel.php(676): CodeIgniter\Model->doFindAll()
 7 APPPATH/Models/Operateur/CommissionModel.php(21): CodeIgniter\BaseModel->findAll()
 8 APPPATH/Controllers/Operateur/CommissionController.php(16): App\Models\Operateur\CommissionModel->getAll()
 9 SYSTEMPATH/CodeIgniter.php(951): App\Controllers\Operateur\CommissionController->index()
10 SYSTEMPATH/CodeIgniter.php(497): CodeIgniter\CodeIgniter->runController()
11 SYSTEMPATH/CodeIgniter.php(340): CodeIgniter\CodeIgniter->handleRequest()
12 SYSTEMPATH/Boot.php(417): CodeIgniter\CodeIgniter->run()
13 SYSTEMPATH/Boot.php(68): CodeIgniter\Boot::runCodeIgniter()
14 FCPATH/index.php(59): CodeIgniter\Boot::bootWeb()
15 SYSTEMPATH/rewrite.php(44): require_once('/home/sharone/Documents/ETU4221-ETU4259/public/index.php')
ERROR - 2026-07-21 05:19:49 --> Unable to prepare statement: no such table: commission_interoperateur
in SYSTEMPATH/Database/SQLite3/Connection.php on line 164.
 1 SYSTEMPATH/Database/SQLite3/Connection.php(164): SQLite3->query()
 2 SYSTEMPATH/Database/BaseConnection.php(910): CodeIgniter\Database\SQLite3\Connection->execute()
 3 SYSTEMPATH/Database/BaseConnection.php(827): CodeIgniter\Database\BaseConnection->simpleQuery()
 4 SYSTEMPATH/Database/BaseBuilder.php(1649): CodeIgniter\Database\BaseConnection->query()
 5 SYSTEMPATH/Model.php(253): CodeIgniter\Database\BaseBuilder->get()
 6 SYSTEMPATH/BaseModel.php(676): CodeIgniter\Model->doFindAll()
 7 APPPATH/Models/Operateur/CommissionModel.php(21): CodeIgniter\BaseModel->findAll()
 8 APPPATH/Controllers/Operateur/CommissionController.php(16): App\Models\Operateur\CommissionModel->getAll()
 9 SYSTEMPATH/CodeIgniter.php(951): App\Controllers\Operateur\CommissionController->index()
10 SYSTEMPATH/CodeIgniter.php(497): CodeIgniter\CodeIgniter->runController()
11 SYSTEMPATH/CodeIgniter.php(340): CodeIgniter\CodeIgniter->handleRequest()
12 SYSTEMPATH/Boot.php(417): CodeIgniter\CodeIgniter->run()
13 SYSTEMPATH/Boot.php(68): CodeIgniter\Boot::runCodeIgniter()
14 FCPATH/index.php(59): CodeIgniter\Boot::bootWeb()
15 SYSTEMPATH/rewrite.php(44): require_once('/home/sharone/Documents/ETU4221-ETU4259/public/index.php')
CRITICAL - 2026-07-21 05:19:49 --> CodeIgniter\Database\Exceptions\DatabaseException: Unable to prepare statement: no such table: commission_interoperateur
[Method: GET, Route: operateur/commission]
in SYSTEMPATH/Database/BaseConnection.php on line 865.
 1 SYSTEMPATH/Database/BaseBuilder.php(1649): CodeIgniter\Database\BaseConnection->query()
 2 SYSTEMPATH/Model.php(253): CodeIgniter\Database\BaseBuilder->get()
 3 SYSTEMPATH/BaseModel.php(676): CodeIgniter\Model->doFindAll()
 4 APPPATH/Models/Operateur/CommissionModel.php(21): CodeIgniter\BaseModel->findAll()
 5 APPPATH/Controllers/Operateur/CommissionController.php(16): App\Models\Operateur\CommissionModel->getAll()
 6 SYSTEMPATH/CodeIgniter.php(951): App\Controllers\Operateur\CommissionController->index()
 7 SYSTEMPATH/CodeIgniter.php(497): CodeIgniter\CodeIgniter->runController()
 8 SYSTEMPATH/CodeIgniter.php(340): CodeIgniter\CodeIgniter->handleRequest()
 9 SYSTEMPATH/Boot.php(417): CodeIgniter\CodeIgniter->run()
10 SYSTEMPATH/Boot.php(68): CodeIgniter\Boot::runCodeIgniter()
11 FCPATH/index.php(59): CodeIgniter\Boot::bootWeb()
12 SYSTEMPATH/rewrite.php(44): require_once('/home/sharone/Documents/ETU4221-ETU4259/public/index.php')
CRITICAL - 2026-07-21 05:19:49 --> [Caused by] CodeIgniter\Database\Exceptions\DatabaseException: Unable to prepare statement: no such table: commission_interoperateur
in SYSTEMPATH/Database/SQLite3/Connection.php on line 174.
 1 SYSTEMPATH/Database/BaseConnection.php(910): CodeIgniter\Database\SQLite3\Connection->execute()
 2 SYSTEMPATH/Database/BaseConnection.php(827): CodeIgniter\Database\BaseConnection->simpleQuery()
 3 SYSTEMPATH/Database/BaseBuilder.php(1649): CodeIgniter\Database\BaseConnection->query()
 4 SYSTEMPATH/Model.php(253): CodeIgniter\Database\BaseBuilder->get()
 5 SYSTEMPATH/BaseModel.php(676): CodeIgniter\Model->doFindAll()
 6 APPPATH/Models/Operateur/CommissionModel.php(21): CodeIgniter\BaseModel->findAll()
 7 APPPATH/Controllers/Operateur/CommissionController.php(16): App\Models\Operateur\CommissionModel->getAll()
 8 SYSTEMPATH/CodeIgniter.php(951): App\Controllers\Operateur\CommissionController->index()
 9 SYSTEMPATH/CodeIgniter.php(497): CodeIgniter\CodeIgniter->runController()
10 SYSTEMPATH/CodeIgniter.php(340): CodeIgniter\CodeIgniter->handleRequest()
11 SYSTEMPATH/Boot.php(417): CodeIgniter\CodeIgniter->run()
12 SYSTEMPATH/Boot.php(68): CodeIgniter\Boot::runCodeIgniter()
13 FCPATH/index.php(59): CodeIgniter\Boot::bootWeb()
14 SYSTEMPATH/rewrite.php(44): require_once('/home/sharone/Documents/ETU4221-ETU4259/public/index.php')
CRITICAL - 2026-07-21 05:19:49 --> [Caused by] SQLite3Exception: Unable to prepare statement: no such table: commission_interoperateur
in SYSTEMPATH/Database/SQLite3/Connection.php on line 164.
 1 SYSTEMPATH/Database/SQLite3/Connection.php(164): SQLite3->query()
 2 SYSTEMPATH/Database/BaseConnection.php(910): CodeIgniter\Database\SQLite3\Connection->execute()
 3 SYSTEMPATH/Database/BaseConnection.php(827): CodeIgniter\Database\BaseConnection->simpleQuery()
 4 SYSTEMPATH/Database/BaseBuilder.php(1649): CodeIgniter\Database\BaseConnection->query()
 5 SYSTEMPATH/Model.php(253): CodeIgniter\Database\BaseBuilder->get()
 6 SYSTEMPATH/BaseModel.php(676): CodeIgniter\Model->doFindAll()
 7 APPPATH/Models/Operateur/CommissionModel.php(21): CodeIgniter\BaseModel->findAll()
 8 APPPATH/Controllers/Operateur/CommissionController.php(16): App\Models\Operateur\CommissionModel->getAll()
 9 SYSTEMPATH/CodeIgniter.php(951): App\Controllers\Operateur\CommissionController->index()
10 SYSTEMPATH/CodeIgniter.php(497): CodeIgniter\CodeIgniter->runController()
11 SYSTEMPATH/CodeIgniter.php(340): CodeIgniter\CodeIgniter->handleRequest()
12 SYSTEMPATH/Boot.php(417): CodeIgniter\CodeIgniter->run()
13 SYSTEMPATH/Boot.php(68): CodeIgniter\Boot::runCodeIgniter()
14 FCPATH/index.php(59): CodeIgniter\Boot::bootWeb()
15 SYSTEMPATH/rewrite.php(44): require_once('/home/sharone/Documents/ETU4221-ETU4259/public/index.php')
ERROR - 2026-07-21 05:19:50 --> Unable to prepare statement: no such table: commission_interoperateur
in SYSTEMPATH/Database/SQLite3/Connection.php on line 164.
 1 SYSTEMPATH/Database/SQLite3/Connection.php(164): SQLite3->query()
 2 SYSTEMPATH/Database/BaseConnection.php(910): CodeIgniter\Database\SQLite3\Connection->execute()
 3 SYSTEMPATH/Database/BaseConnection.php(827): CodeIgniter\Database\BaseConnection->simpleQuery()
 4 SYSTEMPATH/Database/BaseBuilder.php(1649): CodeIgniter\Database\BaseConnection->query()
 5 SYSTEMPATH/Model.php(253): CodeIgniter\Database\BaseBuilder->get()
 6 SYSTEMPATH/BaseModel.php(676): CodeIgniter\Model->doFindAll()
 7 APPPATH/Models/Operateur/CommissionModel.php(21): CodeIgniter\BaseModel->findAll()
 8 APPPATH/Controllers/Operateur/CommissionController.php(16): App\Models\Operateur\CommissionModel->getAll()
 9 SYSTEMPATH/CodeIgniter.php(951): App\Controllers\Operateur\CommissionController->index()
10 SYSTEMPATH/CodeIgniter.php(497): CodeIgniter\CodeIgniter->runController()
11 SYSTEMPATH/CodeIgniter.php(340): CodeIgniter\CodeIgniter->handleRequest()
12 SYSTEMPATH/Boot.php(417): CodeIgniter\CodeIgniter->run()
13 SYSTEMPATH/Boot.php(68): CodeIgniter\Boot::runCodeIgniter()
14 FCPATH/index.php(59): CodeIgniter\Boot::bootWeb()
15 SYSTEMPATH/rewrite.php(44): require_once('/home/sharone/Documents/ETU4221-ETU4259/public/index.php')
CRITICAL - 2026-07-21 05:19:50 --> CodeIgniter\Database\Exceptions\DatabaseException: Unable to prepare statement: no such table: commission_interoperateur
[Method: GET, Route: operateur/commission]
in SYSTEMPATH/Database/BaseConnection.php on line 865.
 1 SYSTEMPATH/Database/BaseBuilder.php(1649): CodeIgniter\Database\BaseConnection->query()
 2 SYSTEMPATH/Model.php(253): CodeIgniter\Database\BaseBuilder->get()
 3 SYSTEMPATH/BaseModel.php(676): CodeIgniter\Model->doFindAll()
 4 APPPATH/Models/Operateur/CommissionModel.php(21): CodeIgniter\BaseModel->findAll()
 5 APPPATH/Controllers/Operateur/CommissionController.php(16): App\Models\Operateur\CommissionModel->getAll()
 6 SYSTEMPATH/CodeIgniter.php(951): App\Controllers\Operateur\CommissionController->index()
 7 SYSTEMPATH/CodeIgniter.php(497): CodeIgniter\CodeIgniter->runController()
 8 SYSTEMPATH/CodeIgniter.php(340): CodeIgniter\CodeIgniter->handleRequest()
 9 SYSTEMPATH/Boot.php(417): CodeIgniter\CodeIgniter->run()
10 SYSTEMPATH/Boot.php(68): CodeIgniter\Boot::runCodeIgniter()
11 FCPATH/index.php(59): CodeIgniter\Boot::bootWeb()
12 SYSTEMPATH/rewrite.php(44): require_once('/home/sharone/Documents/ETU4221-ETU4259/public/index.php')
CRITICAL - 2026-07-21 05:19:50 --> [Caused by] CodeIgniter\Database\Exceptions\DatabaseException: Unable to prepare statement: no such table: commission_interoperateur
in SYSTEMPATH/Database/SQLite3/Connection.php on line 174.
 1 SYSTEMPATH/Database/BaseConnection.php(910): CodeIgniter\Database\SQLite3\Connection->execute()
 2 SYSTEMPATH/Database/BaseConnection.php(827): CodeIgniter\Database\BaseConnection->simpleQuery()
 3 SYSTEMPATH/Database/BaseBuilder.php(1649): CodeIgniter\Database\BaseConnection->query()
 4 SYSTEMPATH/Model.php(253): CodeIgniter\Database\BaseBuilder->get()
 5 SYSTEMPATH/BaseModel.php(676): CodeIgniter\Model->doFindAll()
 6 APPPATH/Models/Operateur/CommissionModel.php(21): CodeIgniter\BaseModel->findAll()
 7 APPPATH/Controllers/Operateur/CommissionController.php(16): App\Models\Operateur\CommissionModel->getAll()
 8 SYSTEMPATH/CodeIgniter.php(951): App\Controllers\Operateur\CommissionController->index()
 9 SYSTEMPATH/CodeIgniter.php(497): CodeIgniter\CodeIgniter->runController()
10 SYSTEMPATH/CodeIgniter.php(340): CodeIgniter\CodeIgniter->handleRequest()
11 SYSTEMPATH/Boot.php(417): CodeIgniter\CodeIgniter->run()
12 SYSTEMPATH/Boot.php(68): CodeIgniter\Boot::runCodeIgniter()
13 FCPATH/index.php(59): CodeIgniter\Boot::bootWeb()
14 SYSTEMPATH/rewrite.php(44): require_once('/home/sharone/Documents/ETU4221-ETU4259/public/index.php')
CRITICAL - 2026-07-21 05:19:50 --> [Caused by] SQLite3Exception: Unable to prepare statement: no such table: commission_interoperateur
in SYSTEMPATH/Database/SQLite3/Connection.php on line 164.
 1 SYSTEMPATH/Database/SQLite3/Connection.php(164): SQLite3->query()
 2 SYSTEMPATH/Database/BaseConnection.php(910): CodeIgniter\Database\SQLite3\Connection->execute()
 3 SYSTEMPATH/Database/BaseConnection.php(827): CodeIgniter\Database\BaseConnection->simpleQuery()
 4 SYSTEMPATH/Database/BaseBuilder.php(1649): CodeIgniter\Database\BaseConnection->query()
 5 SYSTEMPATH/Model.php(253): CodeIgniter\Database\BaseBuilder->get()
 6 SYSTEMPATH/BaseModel.php(676): CodeIgniter\Model->doFindAll()
 7 APPPATH/Models/Operateur/CommissionModel.php(21): CodeIgniter\BaseModel->findAll()
 8 APPPATH/Controllers/Operateur/CommissionController.php(16): App\Models\Operateur\CommissionModel->getAll()
 9 SYSTEMPATH/CodeIgniter.php(951): App\Controllers\Operateur\CommissionController->index()
10 SYSTEMPATH/CodeIgniter.php(497): CodeIgniter\CodeIgniter->runController()
11 SYSTEMPATH/CodeIgniter.php(340): CodeIgniter\CodeIgniter->handleRequest()
12 SYSTEMPATH/Boot.php(417): CodeIgniter\CodeIgniter->run()
13 SYSTEMPATH/Boot.php(68): CodeIgniter\Boot::runCodeIgniter()
14 FCPATH/index.php(59): CodeIgniter\Boot::bootWeb()
15 SYSTEMPATH/rewrite.php(44): require_once('/home/sharone/Documents/ETU4221-ETU4259/public/index.php')
ERROR - 2026-07-21 05:19:50 --> Unable to prepare statement: no such table: commission_interoperateur
in SYSTEMPATH/Database/SQLite3/Connection.php on line 164.
 1 SYSTEMPATH/Database/SQLite3/Connection.php(164): SQLite3->query()
 2 SYSTEMPATH/Database/BaseConnection.php(910): CodeIgniter\Database\SQLite3\Connection->execute()
 3 SYSTEMPATH/Database/BaseConnection.php(827): CodeIgniter\Database\BaseConnection->simpleQuery()
 4 SYSTEMPATH/Database/BaseBuilder.php(1649): CodeIgniter\Database\BaseConnection->query()
 5 SYSTEMPATH/Model.php(253): CodeIgniter\Database\BaseBuilder->get()
 6 SYSTEMPATH/BaseModel.php(676): CodeIgniter\Model->doFindAll()
 7 APPPATH/Models/Operateur/CommissionModel.php(21): CodeIgniter\BaseModel->findAll()
 8 APPPATH/Controllers/Operateur/CommissionController.php(16): App\Models\Operateur\CommissionModel->getAll()
 9 SYSTEMPATH/CodeIgniter.php(951): App\Controllers\Operateur\CommissionController->index()
10 SYSTEMPATH/CodeIgniter.php(497): CodeIgniter\CodeIgniter->runController()
11 SYSTEMPATH/CodeIgniter.php(340): CodeIgniter\CodeIgniter->handleRequest()
12 SYSTEMPATH/Boot.php(417): CodeIgniter\CodeIgniter->run()
13 SYSTEMPATH/Boot.php(68): CodeIgniter\Boot::runCodeIgniter()
14 FCPATH/index.php(59): CodeIgniter\Boot::bootWeb()
15 SYSTEMPATH/rewrite.php(44): require_once('/home/sharone/Documents/ETU4221-ETU4259/public/index.php')
CRITICAL - 2026-07-21 05:19:50 --> CodeIgniter\Database\Exceptions\DatabaseException: Unable to prepare statement: no such table: commission_interoperateur
[Method: GET, Route: operateur/commission]
in SYSTEMPATH/Database/BaseConnection.php on line 865.
 1 SYSTEMPATH/Database/BaseBuilder.php(1649): CodeIgniter\Database\BaseConnection->query()
 2 SYSTEMPATH/Model.php(253): CodeIgniter\Database\BaseBuilder->get()
 3 SYSTEMPATH/BaseModel.php(676): CodeIgniter\Model->doFindAll()
 4 APPPATH/Models/Operateur/CommissionModel.php(21): CodeIgniter\BaseModel->findAll()
 5 APPPATH/Controllers/Operateur/CommissionController.php(16): App\Models\Operateur\CommissionModel->getAll()
 6 SYSTEMPATH/CodeIgniter.php(951): App\Controllers\Operateur\CommissionController->index()
 7 SYSTEMPATH/CodeIgniter.php(497): CodeIgniter\CodeIgniter->runController()
 8 SYSTEMPATH/CodeIgniter.php(340): CodeIgniter\CodeIgniter->handleRequest()
 9 SYSTEMPATH/Boot.php(417): CodeIgniter\CodeIgniter->run()
10 SYSTEMPATH/Boot.php(68): CodeIgniter\Boot::runCodeIgniter()
11 FCPATH/index.php(59): CodeIgniter\Boot::bootWeb()
12 SYSTEMPATH/rewrite.php(44): require_once('/home/sharone/Documents/ETU4221-ETU4259/public/index.php')
CRITICAL - 2026-07-21 05:19:50 --> [Caused by] CodeIgniter\Database\Exceptions\DatabaseException: Unable to prepare statement: no such table: commission_interoperateur
in SYSTEMPATH/Database/SQLite3/Connection.php on line 174.
 1 SYSTEMPATH/Database/BaseConnection.php(910): CodeIgniter\Database\SQLite3\Connection->execute()
 2 SYSTEMPATH/Database/BaseConnection.php(827): CodeIgniter\Database\BaseConnection->simpleQuery()
 3 SYSTEMPATH/Database/BaseBuilder.php(1649): CodeIgniter\Database\BaseConnection->query()
 4 SYSTEMPATH/Model.php(253): CodeIgniter\Database\BaseBuilder->get()
 5 SYSTEMPATH/BaseModel.php(676): CodeIgniter\Model->doFindAll()
 6 APPPATH/Models/Operateur/CommissionModel.php(21): CodeIgniter\BaseModel->findAll()
 7 APPPATH/Controllers/Operateur/CommissionController.php(16): App\Models\Operateur\CommissionModel->getAll()
 8 SYSTEMPATH/CodeIgniter.php(951): App\Controllers\Operateur\CommissionController->index()
 9 SYSTEMPATH/CodeIgniter.php(497): CodeIgniter\CodeIgniter->runController()
10 SYSTEMPATH/CodeIgniter.php(340): CodeIgniter\CodeIgniter->handleRequest()
11 SYSTEMPATH/Boot.php(417): CodeIgniter\CodeIgniter->run()
12 SYSTEMPATH/Boot.php(68): CodeIgniter\Boot::runCodeIgniter()
13 FCPATH/index.php(59): CodeIgniter\Boot::bootWeb()
14 SYSTEMPATH/rewrite.php(44): require_once('/home/sharone/Documents/ETU4221-ETU4259/public/index.php')
CRITICAL - 2026-07-21 05:19:50 --> [Caused by] SQLite3Exception: Unable to prepare statement: no such table: commission_interoperateur
in SYSTEMPATH/Database/SQLite3/Connection.php on line 164.
 1 SYSTEMPATH/Database/SQLite3/Connection.php(164): SQLite3->query()
 2 SYSTEMPATH/Database/BaseConnection.php(910): CodeIgniter\Database\SQLite3\Connection->execute()
 3 SYSTEMPATH/Database/BaseConnection.php(827): CodeIgniter\Database\BaseConnection->simpleQuery()
 4 SYSTEMPATH/Database/BaseBuilder.php(1649): CodeIgniter\Database\BaseConnection->query()
 5 SYSTEMPATH/Model.php(253): CodeIgniter\Database\BaseBuilder->get()
 6 SYSTEMPATH/BaseModel.php(676): CodeIgniter\Model->doFindAll()
 7 APPPATH/Models/Operateur/CommissionModel.php(21): CodeIgniter\BaseModel->findAll()
 8 APPPATH/Controllers/Operateur/CommissionController.php(16): App\Models\Operateur\CommissionModel->getAll()
 9 SYSTEMPATH/CodeIgniter.php(951): App\Controllers\Operateur\CommissionController->index()
10 SYSTEMPATH/CodeIgniter.php(497): CodeIgniter\CodeIgniter->runController()
11 SYSTEMPATH/CodeIgniter.php(340): CodeIgniter\CodeIgniter->handleRequest()
12 SYSTEMPATH/Boot.php(417): CodeIgniter\CodeIgniter->run()
13 SYSTEMPATH/Boot.php(68): CodeIgniter\Boot::runCodeIgniter()
14 FCPATH/index.php(59): CodeIgniter\Boot::bootWeb()
15 SYSTEMPATH/rewrite.php(44): require_once('/home/sharone/Documents/ETU4221-ETU4259/public/index.php')
CRITICAL - 2026-07-21 05:25:39 --> ErrorException: Undefined variable $c
[Method: GET, Route: operateur/commission]
in APPPATH/Views/Operateur/configurationCommission.php on line 114.
 1 APPPATH/Views/Operateur/configurationCommission.php(114): CodeIgniter\Debug\Exceptions->errorHandler()
 2 SYSTEMPATH/View/View.php(240): include('/home/sharone/Documents/ETU4221-ETU4259/app/Views/Operateur/configurationCommission.php')
 3 SYSTEMPATH/View/View.php(243): CodeIgniter\View\View->CodeIgniter\View\{closure}()
 4 SYSTEMPATH/Common.php(1250): CodeIgniter\View\View->render()
 5 APPPATH/Controllers/Operateur/CommissionController.php(18): view()
 6 SYSTEMPATH/CodeIgniter.php(951): App\Controllers\Operateur\CommissionController->index()
 7 SYSTEMPATH/CodeIgniter.php(497): CodeIgniter\CodeIgniter->runController()
 8 SYSTEMPATH/CodeIgniter.php(340): CodeIgniter\CodeIgniter->handleRequest()
 9 SYSTEMPATH/Boot.php(417): CodeIgniter\CodeIgniter->run()
10 SYSTEMPATH/Boot.php(68): CodeIgniter\Boot::runCodeIgniter()
11 FCPATH/index.php(59): CodeIgniter\Boot::bootWeb()
12 SYSTEMPATH/rewrite.php(44): require_once('/home/sharone/Documents/ETU4221-ETU4259/public/index.php')
CRITICAL - 2026-07-21 05:25:39 --> ErrorException: Undefined variable $c
[Method: GET, Route: operateur/commission]
in APPPATH/Views/Operateur/configurationCommission.php on line 114.
 1 APPPATH/Views/Operateur/configurationCommission.php(114): CodeIgniter\Debug\Exceptions->errorHandler()
 2 SYSTEMPATH/View/View.php(240): include('/home/sharone/Documents/ETU4221-ETU4259/app/Views/Operateur/configurationCommission.php')
 3 SYSTEMPATH/View/View.php(243): CodeIgniter\View\View->CodeIgniter\View\{closure}()
 4 SYSTEMPATH/Common.php(1250): CodeIgniter\View\View->render()
 5 APPPATH/Controllers/Operateur/CommissionController.php(18): view()
 6 SYSTEMPATH/CodeIgniter.php(951): App\Controllers\Operateur\CommissionController->index()
 7 SYSTEMPATH/CodeIgniter.php(497): CodeIgniter\CodeIgniter->runController()
 8 SYSTEMPATH/CodeIgniter.php(340): CodeIgniter\CodeIgniter->handleRequest()
 9 SYSTEMPATH/Boot.php(417): CodeIgniter\CodeIgniter->run()
10 SYSTEMPATH/Boot.php(68): CodeIgniter\Boot::runCodeIgniter()
11 FCPATH/index.php(59): CodeIgniter\Boot::bootWeb()
12 SYSTEMPATH/rewrite.php(44): require_once('/home/sharone/Documents/ETU4221-ETU4259/public/index.php')
CRITICAL - 2026-07-21 05:25:40 --> ErrorException: Undefined variable $c
[Method: GET, Route: operateur/commission]
in APPPATH/Views/Operateur/configurationCommission.php on line 114.
 1 APPPATH/Views/Operateur/configurationCommission.php(114): CodeIgniter\Debug\Exceptions->errorHandler()
 2 SYSTEMPATH/View/View.php(240): include('/home/sharone/Documents/ETU4221-ETU4259/app/Views/Operateur/configurationCommission.php')
 3 SYSTEMPATH/View/View.php(243): CodeIgniter\View\View->CodeIgniter\View\{closure}()
 4 SYSTEMPATH/Common.php(1250): CodeIgniter\View\View->render()
 5 APPPATH/Controllers/Operateur/CommissionController.php(18): view()
 6 SYSTEMPATH/CodeIgniter.php(951): App\Controllers\Operateur\CommissionController->index()
 7 SYSTEMPATH/CodeIgniter.php(497): CodeIgniter\CodeIgniter->runController()
 8 SYSTEMPATH/CodeIgniter.php(340): CodeIgniter\CodeIgniter->handleRequest()
 9 SYSTEMPATH/Boot.php(417): CodeIgniter\CodeIgniter->run()
10 SYSTEMPATH/Boot.php(68): CodeIgniter\Boot::runCodeIgniter()
11 FCPATH/index.php(59): CodeIgniter\Boot::bootWeb()
12 SYSTEMPATH/rewrite.php(44): require_once('/home/sharone/Documents/ETU4221-ETU4259/public/index.php')
CRITICAL - 2026-07-21 05:25:40 --> ErrorException: Undefined variable $c
[Method: GET, Route: operateur/commission]
in APPPATH/Views/Operateur/configurationCommission.php on line 114.
 1 APPPATH/Views/Operateur/configurationCommission.php(114): CodeIgniter\Debug\Exceptions->errorHandler()
 2 SYSTEMPATH/View/View.php(240): include('/home/sharone/Documents/ETU4221-ETU4259/app/Views/Operateur/configurationCommission.php')
 3 SYSTEMPATH/View/View.php(243): CodeIgniter\View\View->CodeIgniter\View\{closure}()
 4 SYSTEMPATH/Common.php(1250): CodeIgniter\View\View->render()
 5 APPPATH/Controllers/Operateur/CommissionController.php(18): view()
 6 SYSTEMPATH/CodeIgniter.php(951): App\Controllers\Operateur\CommissionController->index()
 7 SYSTEMPATH/CodeIgniter.php(497): CodeIgniter\CodeIgniter->runController()
 8 SYSTEMPATH/CodeIgniter.php(340): CodeIgniter\CodeIgniter->handleRequest()
 9 SYSTEMPATH/Boot.php(417): CodeIgniter\CodeIgniter->run()
10 SYSTEMPATH/Boot.php(68): CodeIgniter\Boot::runCodeIgniter()
11 FCPATH/index.php(59): CodeIgniter\Boot::bootWeb()
12 SYSTEMPATH/rewrite.php(44): require_once('/home/sharone/Documents/ETU4221-ETU4259/public/index.php')
CRITICAL - 2026-07-21 05:25:44 --> ErrorException: Undefined variable $c
[Method: GET, Route: operateur/commission]
in APPPATH/Views/Operateur/configurationCommission.php on line 114.
 1 APPPATH/Views/Operateur/configurationCommission.php(114): CodeIgniter\Debug\Exceptions->errorHandler()
 2 SYSTEMPATH/View/View.php(240): include('/home/sharone/Documents/ETU4221-ETU4259/app/Views/Operateur/configurationCommission.php')
 3 SYSTEMPATH/View/View.php(243): CodeIgniter\View\View->CodeIgniter\View\{closure}()
 4 SYSTEMPATH/Common.php(1250): CodeIgniter\View\View->render()
 5 APPPATH/Controllers/Operateur/CommissionController.php(18): view()
 6 SYSTEMPATH/CodeIgniter.php(951): App\Controllers\Operateur\CommissionController->index()
 7 SYSTEMPATH/CodeIgniter.php(497): CodeIgniter\CodeIgniter->runController()
 8 SYSTEMPATH/CodeIgniter.php(340): CodeIgniter\CodeIgniter->handleRequest()
 9 SYSTEMPATH/Boot.php(417): CodeIgniter\CodeIgniter->run()
10 SYSTEMPATH/Boot.php(68): CodeIgniter\Boot::runCodeIgniter()
11 FCPATH/index.php(59): CodeIgniter\Boot::bootWeb()
12 SYSTEMPATH/rewrite.php(44): require_once('/home/sharone/Documents/ETU4221-ETU4259/public/index.php')
CRITICAL - 2026-07-21 05:25:49 --> ErrorException: Undefined variable $total_retrait
[Method: GET, Route: operateur/dashboard]
in APPPATH/Views/Operateur/Dashboard.php on line 76.
 1 APPPATH/Views/Operateur/Dashboard.php(76): CodeIgniter\Debug\Exceptions->errorHandler()
 2 SYSTEMPATH/View/View.php(240): include('/home/sharone/Documents/ETU4221-ETU4259/app/Views/Operateur/Dashboard.php')
 3 SYSTEMPATH/View/View.php(243): CodeIgniter\View\View->CodeIgniter\View\{closure}()
 4 SYSTEMPATH/Common.php(1250): CodeIgniter\View\View->render()
 5 APPPATH/Controllers/Operateur/Operateur.php(32): view()
 6 SYSTEMPATH/CodeIgniter.php(951): App\Controllers\Operateur\Operateur->dashboard()
 7 SYSTEMPATH/CodeIgniter.php(497): CodeIgniter\CodeIgniter->runController()
 8 SYSTEMPATH/CodeIgniter.php(340): CodeIgniter\CodeIgniter->handleRequest()
 9 SYSTEMPATH/Boot.php(417): CodeIgniter\CodeIgniter->run()
10 SYSTEMPATH/Boot.php(68): CodeIgniter\Boot::runCodeIgniter()
11 FCPATH/index.php(59): CodeIgniter\Boot::bootWeb()
12 SYSTEMPATH/rewrite.php(44): require_once('/home/sharone/Documents/ETU4221-ETU4259/public/index.php')
CRITICAL - 2026-07-21 05:26:18 --> ErrorException: Undefined variable $c
[Method: GET, Route: operateur/commission]
in APPPATH/Views/Operateur/configurationCommission.php on line 114.
 1 APPPATH/Views/Operateur/configurationCommission.php(114): CodeIgniter\Debug\Exceptions->errorHandler()
 2 SYSTEMPATH/View/View.php(240): include('/home/sharone/Documents/ETU4221-ETU4259/app/Views/Operateur/configurationCommission.php')
 3 SYSTEMPATH/View/View.php(243): CodeIgniter\View\View->CodeIgniter\View\{closure}()
 4 SYSTEMPATH/Common.php(1250): CodeIgniter\View\View->render()
 5 APPPATH/Controllers/Operateur/CommissionController.php(18): view()
 6 SYSTEMPATH/CodeIgniter.php(951): App\Controllers\Operateur\CommissionController->index()
 7 SYSTEMPATH/CodeIgniter.php(497): CodeIgniter\CodeIgniter->runController()
 8 SYSTEMPATH/CodeIgniter.php(340): CodeIgniter\CodeIgniter->handleRequest()
 9 SYSTEMPATH/Boot.php(417): CodeIgniter\CodeIgniter->run()
10 SYSTEMPATH/Boot.php(68): CodeIgniter\Boot::runCodeIgniter()
11 FCPATH/index.php(59): CodeIgniter\Boot::bootWeb()
12 SYSTEMPATH/rewrite.php(44): require_once('/home/sharone/Documents/ETU4221-ETU4259/public/index.php')
CRITICAL - 2026-07-21 05:26:35 --> ErrorException: Undefined variable $total_retrait
[Method: GET, Route: operateur/dashboard]
in APPPATH/Views/Operateur/Dashboard.php on line 76.
 1 APPPATH/Views/Operateur/Dashboard.php(76): CodeIgniter\Debug\Exceptions->errorHandler()
 2 SYSTEMPATH/View/View.php(240): include('/home/sharone/Documents/ETU4221-ETU4259/app/Views/Operateur/Dashboard.php')
 3 SYSTEMPATH/View/View.php(243): CodeIgniter\View\View->CodeIgniter\View\{closure}()
 4 SYSTEMPATH/Common.php(1250): CodeIgniter\View\View->render()
 5 APPPATH/Controllers/Operateur/Operateur.php(32): view()
 6 SYSTEMPATH/CodeIgniter.php(951): App\Controllers\Operateur\Operateur->dashboard()
 7 SYSTEMPATH/CodeIgniter.php(497): CodeIgniter\CodeIgniter->runController()
 8 SYSTEMPATH/CodeIgniter.php(340): CodeIgniter\CodeIgniter->handleRequest()
 9 SYSTEMPATH/Boot.php(417): CodeIgniter\CodeIgniter->run()
10 SYSTEMPATH/Boot.php(68): CodeIgniter\Boot::runCodeIgniter()
11 FCPATH/index.php(59): CodeIgniter\Boot::bootWeb()
12 SYSTEMPATH/rewrite.php(44): require_once('/home/sharone/Documents/ETU4221-ETU4259/public/index.php')
CRITICAL - 2026-07-21 05:26:37 --> ErrorException: Undefined variable $total_retrait
[Method: GET, Route: operateur/dashboard]
in APPPATH/Views/Operateur/Dashboard.php on line 76.
 1 APPPATH/Views/Operateur/Dashboard.php(76): CodeIgniter\Debug\Exceptions->errorHandler()
 2 SYSTEMPATH/View/View.php(240): include('/home/sharone/Documents/ETU4221-ETU4259/app/Views/Operateur/Dashboard.php')
 3 SYSTEMPATH/View/View.php(243): CodeIgniter\View\View->CodeIgniter\View\{closure}()
 4 SYSTEMPATH/Common.php(1250): CodeIgniter\View\View->render()
 5 APPPATH/Controllers/Operateur/Operateur.php(32): view()
 6 SYSTEMPATH/CodeIgniter.php(951): App\Controllers\Operateur\Operateur->dashboard()
 7 SYSTEMPATH/CodeIgniter.php(497): CodeIgniter\CodeIgniter->runController()
 8 SYSTEMPATH/CodeIgniter.php(340): CodeIgniter\CodeIgniter->handleRequest()
 9 SYSTEMPATH/Boot.php(417): CodeIgniter\CodeIgniter->run()
10 SYSTEMPATH/Boot.php(68): CodeIgniter\Boot::runCodeIgniter()
11 FCPATH/index.php(59): CodeIgniter\Boot::bootWeb()
12 SYSTEMPATH/rewrite.php(44): require_once('/home/sharone/Documents/ETU4221-ETU4259/public/index.php')
CRITICAL - 2026-07-21 05:26:38 --> ErrorException: Undefined variable $c
[Method: GET, Route: operateur/commission]
in APPPATH/Views/Operateur/configurationCommission.php on line 114.
 1 APPPATH/Views/Operateur/configurationCommission.php(114): CodeIgniter\Debug\Exceptions->errorHandler()
 2 SYSTEMPATH/View/View.php(240): include('/home/sharone/Documents/ETU4221-ETU4259/app/Views/Operateur/configurationCommission.php')
 3 SYSTEMPATH/View/View.php(243): CodeIgniter\View\View->CodeIgniter\View\{closure}()
 4 SYSTEMPATH/Common.php(1250): CodeIgniter\View\View->render()
 5 APPPATH/Controllers/Operateur/CommissionController.php(18): view()
 6 SYSTEMPATH/CodeIgniter.php(951): App\Controllers\Operateur\CommissionController->index()
 7 SYSTEMPATH/CodeIgniter.php(497): CodeIgniter\CodeIgniter->runController()
 8 SYSTEMPATH/CodeIgniter.php(340): CodeIgniter\CodeIgniter->handleRequest()
 9 SYSTEMPATH/Boot.php(417): CodeIgniter\CodeIgniter->run()
10 SYSTEMPATH/Boot.php(68): CodeIgniter\Boot::runCodeIgniter()
11 FCPATH/index.php(59): CodeIgniter\Boot::bootWeb()
12 SYSTEMPATH/rewrite.php(44): require_once('/home/sharone/Documents/ETU4221-ETU4259/public/index.php')
CRITICAL - 2026-07-21 05:27:17 --> ErrorException: Undefined variable $total_retrait
[Method: GET, Route: operateur/dashboard]
in APPPATH/Views/Operateur/Dashboard.php on line 76.
 1 APPPATH/Views/Operateur/Dashboard.php(76): CodeIgniter\Debug\Exceptions->errorHandler()
 2 SYSTEMPATH/View/View.php(240): include('/home/sharone/Documents/ETU4221-ETU4259/app/Views/Operateur/Dashboard.php')
 3 SYSTEMPATH/View/View.php(243): CodeIgniter\View\View->CodeIgniter\View\{closure}()
 4 SYSTEMPATH/Common.php(1250): CodeIgniter\View\View->render()
 5 APPPATH/Controllers/Operateur/Operateur.php(32): view()
 6 SYSTEMPATH/CodeIgniter.php(951): App\Controllers\Operateur\Operateur->dashboard()
 7 SYSTEMPATH/CodeIgniter.php(497): CodeIgniter\CodeIgniter->runController()
 8 SYSTEMPATH/CodeIgniter.php(340): CodeIgniter\CodeIgniter->handleRequest()
 9 SYSTEMPATH/Boot.php(417): CodeIgniter\CodeIgniter->run()
10 SYSTEMPATH/Boot.php(68): CodeIgniter\Boot::runCodeIgniter()
11 FCPATH/index.php(59): CodeIgniter\Boot::bootWeb()
12 SYSTEMPATH/rewrite.php(44): require_once('/home/sharone/Documents/ETU4221-ETU4259/public/index.php')
CRITICAL - 2026-07-21 05:35:02 --> ErrorException: Undefined variable $total_retrait
[Method: GET, Route: operateur/dashboard]
in APPPATH/Views/Operateur/Dashboard.php on line 76.
 1 APPPATH/Views/Operateur/Dashboard.php(76): CodeIgniter\Debug\Exceptions->errorHandler()
 2 SYSTEMPATH/View/View.php(240): include('/home/sharone/Documents/ETU4221-ETU4259/app/Views/Operateur/Dashboard.php')
 3 SYSTEMPATH/View/View.php(243): CodeIgniter\View\View->CodeIgniter\View\{closure}()
 4 SYSTEMPATH/Common.php(1250): CodeIgniter\View\View->render()
 5 APPPATH/Controllers/Operateur/Operateur.php(32): view()
 6 SYSTEMPATH/CodeIgniter.php(951): App\Controllers\Operateur\Operateur->dashboard()
 7 SYSTEMPATH/CodeIgniter.php(497): CodeIgniter\CodeIgniter->runController()
 8 SYSTEMPATH/CodeIgniter.php(340): CodeIgniter\CodeIgniter->handleRequest()
 9 SYSTEMPATH/Boot.php(417): CodeIgniter\CodeIgniter->run()
10 SYSTEMPATH/Boot.php(68): CodeIgniter\Boot::runCodeIgniter()
11 FCPATH/index.php(59): CodeIgniter\Boot::bootWeb()
12 SYSTEMPATH/rewrite.php(44): require_once('/home/sharone/Documents/ETU4221-ETU4259/public/index.php')
